Flutter crash report; please file at https://github.com/flutter/flutter/issues.

## command

flutter packages get

## exception

FormatException: FormatException: No ':' on line (at offset 12)

```
#0      parse (package:package_config/packages_file.dart:53:7)
#1      _parse (package:flutter_tools/src/dart/package_map.dart:14:10)
#2      PackageMap.load (package:flutter_tools/src/dart/package_map.dart:37:14)
#3      PackageMap.map (package:flutter_tools/src/dart/package_map.dart:41:5)
#4      FlutterCommandRunner._checkFlutterCopy (package:flutter_tools/src/runner/flutter_command_runner.dart:546:41)
#5      FlutterCommandRunner.runCommand.<anonymous closure> (package:flutter_tools/src/runner/flutter_command_runner.dart:369:9)
<asynchronous suspension>
#6      AppContext.run.<anonymous closure> (package:flutter_tools/src/base/context.dart:142:29)
<asynchronous suspension>
#7      _rootRun (dart:async/zone.dart:1124:13)
#8      _CustomZone.run (dart:async/zone.dart:1021:19)
#9      _runZoned (dart:async/zone.dart:1516:10)
#10     runZoned (dart:async/zone.dart:1463:12)
#11     AppContext.run (package:flutter_tools/src/base/context.dart:141:18)
<asynchronous suspension>
#12     FlutterCommandRunner.runCommand (package:flutter_tools/src/runner/flutter_command_runner.dart:356:19)
<asynchronous suspension>
#13     CommandRunner.run.<anonymous closure> (package:args/command_runner.dart:111:29)
#14     new Future.sync (dart:async/future.dart:224:31)
#15     CommandRunner.run (package:args/command_runner.dart:111:11)
#16     FlutterCommandRunner.run (package:flutter_tools/src/runner/flutter_command_runner.dart:242:18)
#17     run.<anonymous closure> (package:flutter_tools/runner.dart:60:20)
<asynchronous suspension>
#18     AppContext.run.<anonymous closure> (package:flutter_tools/src/base/context.dart:142:29)
<asynchronous suspension>
#19     _rootRun (dart:async/zone.dart:1124:13)
#20     _CustomZone.run (dart:async/zone.dart:1021:19)
#21     _runZoned (dart:async/zone.dart:1516:10)
#22     runZoned (dart:async/zone.dart:1463:12)
#23     AppContext.run (package:flutter_tools/src/base/context.dart:141:18)
<asynchronous suspension>
#24     runInContext (package:flutter_tools/src/context_runner.dart:50:24)
<asynchronous suspension>
#25     run (package:flutter_tools/runner.dart:51:10)
#26     main (package:flutter_tools/executable.dart:60:9)
<asynchronous suspension>
#27     main (file:///b/s/w/ir/k/archive/flutter/packages/flutter_tools/bin/flutter_tools.dart:8:3)
#28     _startIsolate.<anonymous closure> (dart:isolate-patch/isolate_patch.dart:298:32)
#29     _RawReceivePortImpl._handleMessage (dart:isolate-patch/isolate_patch.dart:171:12)
```

## flutter doctor

```
[32m[✓][39m Flutter (Channel stable, v1.5.4-hotfix.2, on Mac OS X 10.14.5 18F132, locale en-US)
    [32m•[39m Flutter version 1.5.4-hotfix.2 at /Users/kyraacquah/development/flutter
    [32m•[39m Framework revision 7a4c33425d (4 weeks ago), 2019-04-29 11:05:24 -0700
    [32m•[39m Engine revision 52c7a1e849
    [32m•[39m Dart version 2.3.0 (build 2.3.0-dev.0.5 a1668566e5)

[32m[✓][39m Android toolchain - develop for Android devices (Android SDK version 28.0.3)
    [32m•[39m Android SDK at /Users/kyraacquah/Library/Android/sdk
    [32m•[39m Android NDK location not configured (optional; useful for native profiling support)
    [32m•[39m Platform android-28, build-tools 28.0.3
    [32m•[39m Java binary at: /Applications/Android Studio.app/Contents/jre/jdk/Contents/Home/bin/java
    [32m•[39m Java version OpenJDK Runtime Environment (build 1.8.0_152-release-1343-b01)
    [32m•[39m All Android licenses accepted.

[32m[✓][39m iOS toolchain - develop for iOS devices (Xcode 10.2.1)
    [32m•[39m Xcode at /Applications/Xcode.app/Contents/Developer
    [32m•[39m Xcode 10.2.1, Build version 10E1001
    [32m•[39m ios-deploy 1.9.4
    [32m•[39m CocoaPods version 1.7.0

[33m[!][39m Android Studio (version 3.4)
    [32m•[39m Android Studio at /Applications/Android Studio.app/Contents
    [31m✗[39m Flutter plugin not installed; this adds Flutter specific functionality.
    [31m✗[39m Dart plugin not installed; this adds Dart specific functionality.
    [32m•[39m Java version OpenJDK Runtime Environment (build 1.8.0_152-release-1343-b01)

[33m[!][39m IntelliJ IDEA Community Edition (version 2018.2.2)
    [32m•[39m IntelliJ at /Applications/IntelliJ IDEA CE.app
    [31m✗[39m Flutter plugin not installed; this adds Flutter specific functionality.
    [31m✗[39m Dart plugin not installed; this adds Dart specific functionality.
    [32m•[39m For information about installing plugins, see
      https://flutter.dev/intellij-setup/#installing-the-plugins

[32m[✓][39m VS Code (version 1.34.0)
    [32m•[39m VS Code at /Applications/Visual Studio Code.app/Contents
    [32m•[39m Flutter extension version 3.0.2

[32m[✓][39m Connected device (1 available)
    [32m•[39m iPhone 8 Plus • 4F94916A-C59D-4C61-AD4B-6D494FCBCC02 • ios • com.apple.CoreSimulator.SimRuntime.iOS-12-2 (simulator)

[33m![39m Doctor found issues in 2 categories.
```
